[debug] [2023-07-24T21:08:49.181Z] ----------------------------------------------------------------------
[debug] [2023-07-24T21:08:49.182Z] Command:       /usr/local/bin/node /usr/local/bin/firebase hosting:channel:deploy sample_tracking_deploy_test
[debug] [2023-07-24T21:08:49.182Z] CLI Version:   12.4.2
[debug] [2023-07-24T21:08:49.182Z] Platform:      darwin
[debug] [2023-07-24T21:08:49.183Z] Node Version:  v18.16.0
[debug] [2023-07-24T21:08:49.183Z] Time:          Mon Jul 24 2023 17:08:49 GMT-0400 (Eastern Daylight Time)
[debug] [2023-07-24T21:08:49.183Z] ----------------------------------------------------------------------
[debug] 
[debug] [2023-07-24T21:08:49.214Z] > command requires scopes: ["email","openid","https://www.googleapis.com/auth/cloudplatformprojects.readonly","https://www.googleapis.com/auth/firebase","https://www.googleapis.com/auth/cloud-platform"]
[debug] [2023-07-24T21:08:49.215Z] > authorizing via signed-in user (joshuawolkoff@google.com)
[debug] [2023-07-24T21:08:49.215Z] [iam] checking project kazob-370920 for permissions ["firebase.projects.get","firebasehosting.sites.update"]
[debug] [2023-07-24T21:08:49.216Z] >>> [apiv2][query] POST https://cloudresourcemanager.googleapis.com/v1/projects/kazob-370920:testIamPermissions [none]
[debug] [2023-07-24T21:08:49.216Z] >>> [apiv2][(partial)header] POST https://cloudresourcemanager.googleapis.com/v1/projects/kazob-370920:testIamPermissions x-goog-quota-user=projects/kazob-370920
[debug] [2023-07-24T21:08:49.216Z] >>> [apiv2][body] POST https://cloudresourcemanager.googleapis.com/v1/projects/kazob-370920:testIamPermissions {"permissions":["firebase.projects.get","firebasehosting.sites.update"]}
[debug] [2023-07-24T21:08:49.487Z] <<< [apiv2][status] POST https://cloudresourcemanager.googleapis.com/v1/projects/kazob-370920:testIamPermissions 200
[debug] [2023-07-24T21:08:49.487Z] <<< [apiv2][body] POST https://cloudresourcemanager.googleapis.com/v1/projects/kazob-370920:testIamPermissions {"permissions":["firebase.projects.get","firebasehosting.sites.update"]}
[debug] [2023-07-24T21:08:49.488Z] >>> [apiv2][query] GET https://firebase.googleapis.com/v1beta1/projects/kazob-370920 [none]
[debug] [2023-07-24T21:08:49.903Z] <<< [apiv2][status] GET https://firebase.googleapis.com/v1beta1/projects/kazob-370920 200
[debug] [2023-07-24T21:08:49.903Z] <<< [apiv2][body] GET https://firebase.googleapis.com/v1beta1/projects/kazob-370920 {"projectId":"kazob-370920","projectNumber":"384214782537","displayName":"kazob","name":"projects/kazob-370920","resources":{"hostingSite":"kazob-370920"},"state":"ACTIVE","etag":"1_c2eb6c9b-1ee0-4351-883d-4c13490831e2"}
[debug] [2023-07-24T21:08:49.904Z] TypeError: Cannot read properties of undefined (reading 'source')
    at deploy (/usr/local/lib/node_modules/firebase-tools/lib/deploy/index.js:53:77)
    at Command.hostingChannelDeployAction [as actionFn] (/usr/local/lib/node_modules/firebase-tools/lib/commands/hosting-channel-deploy.js:90:51)
    at process.processTicksAndRejections (node:internal/process/task_queues:95:5)
[error] 
[error] Error: An unexpected error has occurred.
[debug] [2023-07-24T21:21:44.584Z] ----------------------------------------------------------------------
[debug] [2023-07-24T21:21:44.585Z] Command:       /usr/local/bin/node /usr/local/bin/firebase hosting:channel:deploy sample_tracking_deploy_test
[debug] [2023-07-24T21:21:44.586Z] CLI Version:   12.4.5
[debug] [2023-07-24T21:21:44.586Z] Platform:      darwin
[debug] [2023-07-24T21:21:44.586Z] Node Version:  v18.16.0
[debug] [2023-07-24T21:21:44.586Z] Time:          Mon Jul 24 2023 17:21:44 GMT-0400 (Eastern Daylight Time)
[debug] [2023-07-24T21:21:44.586Z] ----------------------------------------------------------------------
[debug] 
[debug] [2023-07-24T21:21:44.618Z] > command requires scopes: ["email","openid","https://www.googleapis.com/auth/cloudplatformprojects.readonly","https://www.googleapis.com/auth/firebase","https://www.googleapis.com/auth/cloud-platform"]
[debug] [2023-07-24T21:21:44.618Z] > authorizing via signed-in user (joshuawolkoff@google.com)
[debug] [2023-07-24T21:21:44.618Z] [iam] checking project kazob-370920 for permissions ["firebase.projects.get","firebasehosting.sites.update"]
[debug] [2023-07-24T21:21:44.619Z] >>> [apiv2][query] POST https://cloudresourcemanager.googleapis.com/v1/projects/kazob-370920:testIamPermissions [none]
[debug] [2023-07-24T21:21:44.619Z] >>> [apiv2][(partial)header] POST https://cloudresourcemanager.googleapis.com/v1/projects/kazob-370920:testIamPermissions x-goog-quota-user=projects/kazob-370920
[debug] [2023-07-24T21:21:44.619Z] >>> [apiv2][body] POST https://cloudresourcemanager.googleapis.com/v1/projects/kazob-370920:testIamPermissions {"permissions":["firebase.projects.get","firebasehosting.sites.update"]}
[debug] [2023-07-24T21:21:44.825Z] <<< [apiv2][status] POST https://cloudresourcemanager.googleapis.com/v1/projects/kazob-370920:testIamPermissions 200
[debug] [2023-07-24T21:21:44.826Z] <<< [apiv2][body] POST https://cloudresourcemanager.googleapis.com/v1/projects/kazob-370920:testIamPermissions {"permissions":["firebase.projects.get","firebasehosting.sites.update"]}
[debug] [2023-07-24T21:21:44.827Z] >>> [apiv2][query] GET https://firebase.googleapis.com/v1beta1/projects/kazob-370920 [none]
[debug] [2023-07-24T21:21:45.279Z] <<< [apiv2][status] GET https://firebase.googleapis.com/v1beta1/projects/kazob-370920 200
[debug] [2023-07-24T21:21:45.280Z] <<< [apiv2][body] GET https://firebase.googleapis.com/v1beta1/projects/kazob-370920 {"projectId":"kazob-370920","projectNumber":"384214782537","displayName":"kazob","name":"projects/kazob-370920","resources":{"hostingSite":"kazob-370920"},"state":"ACTIVE","etag":"1_c2eb6c9b-1ee0-4351-883d-4c13490831e2"}
[debug] [2023-07-24T21:21:45.283Z] TypeError: Cannot read properties of undefined (reading 'source')
    at deploy (/usr/local/lib/node_modules/firebase-tools/lib/deploy/index.js:53:77)
    at Command.hostingChannelDeployAction [as actionFn] (/usr/local/lib/node_modules/firebase-tools/lib/commands/hosting-channel-deploy.js:90:51)
    at process.processTicksAndRejections (node:internal/process/task_queues:95:5)
[error] 
[error] Error: An unexpected error has occurred.
[debug] [2023-07-24T21:23:07.269Z] ----------------------------------------------------------------------
[debug] [2023-07-24T21:23:07.271Z] Command:       /usr/local/bin/node /usr/local/bin/firebase init hosting
[debug] [2023-07-24T21:23:07.271Z] CLI Version:   12.4.5
[debug] [2023-07-24T21:23:07.271Z] Platform:      darwin
[debug] [2023-07-24T21:23:07.271Z] Node Version:  v18.16.0
[debug] [2023-07-24T21:23:07.271Z] Time:          Mon Jul 24 2023 17:23:07 GMT-0400 (Eastern Daylight Time)
[debug] [2023-07-24T21:23:07.271Z] ----------------------------------------------------------------------
[debug] 
[debug] [2023-07-24T21:23:07.309Z] > command requires scopes: ["email","openid","https://www.googleapis.com/auth/cloudplatformprojects.readonly","https://www.googleapis.com/auth/firebase","https://www.googleapis.com/auth/cloud-platform"]
[debug] [2023-07-24T21:23:07.310Z] > authorizing via signed-in user (joshuawolkoff@google.com)
[info] 
     ######## #### ########  ######## ########     ###     ######  ########
     ##        ##  ##     ## ##       ##     ##  ##   ##  ##       ##
     ######    ##  ########  ######   ########  #########  ######  ######
     ##        ##  ##    ##  ##       ##     ## ##     ##       ## ##
     ##       #### ##     ## ######## ########  ##     ##  ######  ########

You're about to initialize a Firebase project in this directory:

  /Users/joshuawolkoff/Desktop/org/sample-tracking/sample_tracking

Before we get started, keep in mind:

  * You are initializing within an existing Firebase project directory

[info] 
=== Project Setup
[info] 
[info] First, let's associate this project directory with a Firebase project.
[info] You can create multiple project aliases by running firebase use --add, 
[info] but for now we'll just set up a default project.
[info] 
[debug] [2023-07-24T21:23:07.315Z] Using project from CLI flag: kazob-370920
[debug] [2023-07-24T21:23:07.316Z] >>> [apiv2][query] GET https://firebase.googleapis.com/v1beta1/projects/kazob-370920 [none]
[debug] [2023-07-24T21:23:08.315Z] <<< [apiv2][status] GET https://firebase.googleapis.com/v1beta1/projects/kazob-370920 200
[debug] [2023-07-24T21:23:08.315Z] <<< [apiv2][body] GET https://firebase.googleapis.com/v1beta1/projects/kazob-370920 {"projectId":"kazob-370920","projectNumber":"384214782537","displayName":"kazob","name":"projects/kazob-370920","resources":{"hostingSite":"kazob-370920"},"state":"ACTIVE","etag":"1_c2eb6c9b-1ee0-4351-883d-4c13490831e2"}
[info] i  Using project kazob-370920 (kazob) 
[info] 
=== Hosting Setup
[info] 
[info] Your public directory is the folder (relative to your project directory) that
[info] will contain Hosting assets to be uploaded with firebase deploy. If you
[info] have a build process for your assets, use your build's output directory.
[info] 
